[2025-10-04 06:03:15,552][__main__][INFO] - Configuration:
[2025-10-04 06:03:15,558][__main__][INFO] - data:
  base_path: C:/Users/shyto/Downloads/Closing-Auction Variance Measures/ML_MP
  master_parquet: ${data.base_path}/Data/master_minute.parquet
  master_csv: ${data.base_path}/Data/master_minute.csv
output:
  base_path: C:/Users/shyto/Downloads/Closing-Auction Variance Measures/ML_MP/MODELS/v3
  artifacts: ${output.base_path}/artifacts
  reports: ${output.base_path}/reports
  models: ${output.base_path}/models
  cache: ${output.base_path}/cache
create_dirs: true
n_splits: 8
min_train_days: 252
test_days: 63
embargo_days: 1
purge_days: 1
anchored: true
test_start: '2025-01-01'
test_end: '2025-08-29'
validation_size: 0.2
time_features:
  lookback_days:
  - 5
  - 10
  - 20
  - 60
  - 120
  lookback_minutes:
  - 30
  - 60
  - 120
  - 390
feature_selection:
  enabled: false
  method: mutual_info
  top_k: 100
sample_weighting:
  time_decay: false
  decay_halflife: 252
  regime_weighting: false
  high_vol_weight: 1.5
parallel:
  n_jobs: -1
  backend: loky
seed: 42
verbose: 1
features:
  volatility:
    enabled: true
    lookback_windows:
    - 5
    - 10
    - 20
    - 60
    ewma_lambda: 0.94
  microstructure:
    enabled: true
  path:
    enabled: true
  liquidity:
    enabled: true
  macro_time:
    enabled: true
  regime_memory:
    enabled: true
  event_flags:
    enabled: true
models:
  lgbm_cls:
    params:
      n_estimators: 400
      learning_rate: 0.05
      num_leaves: 31
      max_depth: -1
      subsample: 0.8
      colsample_bytree: 0.8
      reg_lambda: 0.0
      min_child_samples: 20
      random_state: 42
ensemble:
  classification_bases:
  - lightgbm
  - xgboost
  - catboost
  - elastic_net
  - svm_rbf
  - random_forest
  volatility_bases:
  - har_rv
  - elastic_net
  - lightgbm
  - xgboost
  - catboost
  - random_forest
  quantile_bases:
  - lightgbm_quantile
  - quantile_forest
  meta:
    classification: lightgbm
    volatility: elastic_net
    quantile: lightgbm
  regime_gating:
    enabled: false
    vr_quintiles: 5
    include_opx: true
project:
  name: vol-risk-lab
  version: 3.0.0
  run_id: ${now:%Y-%m-%d_%H%M%S}
  seed: 42
  device: cpu
debug:
  enabled: true
  last_n_sessions: 100
targets:
  gammas:
  - 1.5
  - 2.0
  - 2.5
  - 3.0
  default_gamma: 2.0
  horizons:
    primary: 1
    extended:
    - 5
    - 21
  quantiles:
  - 0.05
  - 0.5
  - 0.95
decision:
  mode: forced
  cost_matrix:
    crash_crash: 2.0
    crash_normal: -0.5
    crash_boom: -1.0
    normal_crash: -2.0
    normal_normal: 0.1
    normal_boom: -1.5
    boom_crash: -1.0
    boom_normal: -0.5
    boom_boom: 2.0
  threshold_search:
    tau_c_range:
    - 0.2
    - 0.5
    tau_b_range:
    - 0.2
    - 0.5
    n_trials: 100
  calibration:
    method: temperature
    cv_folds: 3
imbalance:
  class_weight: balanced
  sample_weight_power: 1.0
  focal_loss:
    enabled: false
    gamma: 2.0
tracking:
  backend: mlflow
  experiment_name: vol-risk-lab-v3
  log_models: true
  log_artifacts: true
  log_metrics: true
  log_params: true
compute:
  n_jobs: -1
  chunk_size: 10000
  cache_features: true
  use_gpu: false
validation:
  check_monotone_timestamps: true
  check_session_integrity: true
  check_na_policy: true
  check_future_leakage: true
reporting:
  generate_html: true
  generate_pdf: false
  chart_dpi: 150
  chart_size_multiplier: 2
  color_palette: colorblind
  bootstrap_iterations: 1000

[2025-10-04 06:03:15,562][__main__][INFO] - Starting COMPLETE VOL-RISK LAB training: 20251004_060315
[2025-10-04 06:03:15,564][__main__][INFO] - ============================================================
[2025-10-04 06:03:15,564][__main__][INFO] - STEP 1: Loading and validating data
[2025-10-04 06:03:15,566][src.vrisk.io.load_master_robust][INFO] - Loading data from C:\Users\shyto\Downloads\Closing-Auction Variance Measures\ML_MP\Data\master_minute.parquet
[2025-10-04 06:03:15,662][src.vrisk.io.load_master_robust][WARNING] - Missing columns detected: {'eod_Close'}
[2025-10-04 06:03:15,719][src.vrisk.io.load_master_robust][INFO] - Running robust validation checks...
[2025-10-04 06:03:15,750][src.vrisk.io.load_master_robust][INFO] - Robust validation completed
[2025-10-04 06:03:15,756][src.vrisk.io.load_master_robust][INFO] - Data hash: 3701db17
[2025-10-04 06:03:15,874][src.vrisk.io.load_master_robust][INFO] - Overall missing data: 5.79%
[2025-10-04 06:03:15,876][src.vrisk.io.load_master_robust][INFO] - Top missing columns: eod_Close: 100.0%, early_close_minutes_local: 99.6%, iex_bid_price: 1.7%, iex_bid_size: 1.7%, iex_ask_price: 1.7%
[2025-10-04 06:03:16,752][__main__][INFO] - [DEBUG] Using last 100 sessions: 2025-04-01 to 2025-08-22 (100 sessions, 37,965 minute rows)
[2025-10-04 06:03:16,752][__main__][INFO] - Loaded 37,965 minute records
[2025-10-04 06:03:16,752][__main__][INFO] - Date range: 2025-04-01 to 2025-08-22
[2025-10-04 06:03:16,752][__main__][INFO] - ============================================================
[2025-10-04 06:03:16,753][__main__][INFO] - STEP 2: Creating labels (classification + volatility + quantiles)
[2025-10-04 06:03:16,753][src.vrisk.labeling.minute_returns][INFO] - Calculating minute returns from ohlcv_close
[2025-10-04 06:03:16,769][src.vrisk.labeling.minute_returns][INFO] - Return statistics: {'mean': 4.900745268274197e-06, 'std': 0.000729152852880613, 'min': -0.01737626454884822, 'max': 0.025900862865324115, 'q01': -0.001959601185267168, 'q99': 0.002015636091559081}
[2025-10-04 06:03:16,769][src.vrisk.labeling.rv_daily][INFO] - Calculating daily volatility measures
[2025-10-04 06:03:16,789][src.vrisk.labeling.crash_boom_labels][INFO] - Creating crash/boom labels for gammas: [1.5, 2.0, 2.5, 3.0]
[2025-10-04 06:03:16,794][src.vrisk.labeling.crash_boom_labels][INFO] - Gamma 1.5: boom = 6 (6.00%)
[2025-10-04 06:03:16,794][src.vrisk.labeling.crash_boom_labels][INFO] - Gamma 1.5: normal = 87 (87.00%)
[2025-10-04 06:03:16,794][src.vrisk.labeling.crash_boom_labels][INFO] - Gamma 1.5: crash = 7 (7.00%)
[2025-10-04 06:03:16,794][src.vrisk.labeling.crash_boom_labels][INFO] - Gamma 2.0: boom = 4 (4.00%)
[2025-10-04 06:03:16,794][src.vrisk.labeling.crash_boom_labels][INFO] - Gamma 2.0: crash = 3 (3.00%)
[2025-10-04 06:03:16,794][src.vrisk.labeling.crash_boom_labels][INFO] - Gamma 2.0: normal = 93 (93.00%)
[2025-10-04 06:03:16,794][src.vrisk.labeling.crash_boom_labels][INFO] - Gamma 2.5: normal = 97 (97.00%)
[2025-10-04 06:03:16,794][src.vrisk.labeling.crash_boom_labels][INFO] - Gamma 2.5: boom = 3 (3.00%)
[2025-10-04 06:03:16,795][src.vrisk.labeling.crash_boom_labels][INFO] - Gamma 3.0: boom = 1 (1.00%)
[2025-10-04 06:03:16,795][src.vrisk.labeling.crash_boom_labels][INFO] - Gamma 3.0: normal = 99 (99.00%)
[2025-10-04 06:03:16,795][src.vrisk.labeling.crash_boom_labels][INFO] - Z-score statistics: {'mean': 0.12078256016225745, 'std': 1.0849543169817848, 'min': -2.2340274525381534, 'max': 4.447546689603747}
[2025-10-04 06:03:16,831][__main__][INFO] - ============================================================
[2025-10-04 06:03:16,831][__main__][INFO] - STEP 3: Generating complete feature set
[2025-10-04 06:03:16,831][__main__][INFO] - Generating complete feature set...
[2025-10-04 06:03:16,831][src.vrisk.features.vol_rv_bv_jv][INFO] - Generating volatility features
[2025-10-04 06:03:16,834][src.vrisk.features.vol_rv_bv_jv][INFO] - Generated 35 volatility features
[2025-10-04 06:03:16,834][src.vrisk.features.microstructure_iex][INFO] - Generating microstructure features
[2025-10-04 06:03:16,858][src.vrisk.features.microstructure_iex][INFO] - Generated 77 microstructure features
[2025-10-04 06:03:16,859][src.vrisk.features.path_gaps][INFO] - Generating path features
[2025-10-04 06:03:16,866][__main__][ERROR] - Path features failed: unable to find column "path_gap"; valid columns: ["session_date", "daily_return", "daily_return_sum", "daily_open", "daily_high", "daily_low", "daily_close", "daily_volume", "next_day_return", "next_day_return_sum", "RV_daily", "n_minutes", "trading_days_year", "BV_daily", "JV_daily", "daily_open_right", "daily_high_right", "daily_low_right", "daily_close_right", "parkinson_var", "garman_klass_var", "rogers_satchell_var", "daily_range", "overnight_gap", "RVol_daily", "BVol_daily", "JVol_daily", "RVol_annual", "log_RV_daily", "jump_ratio", "realized_skew", "realized_kurt", "downside_var", "upside_var", "variance_ratio", "z_score_next", "volatility_for_z", "z_score_next_clipped", "label_gamma_1.5", "label_gamma_1.5_numeric", "dist_to_crash_1.5", "dist_to_boom_1.5", "min_dist_threshold_1.5", "label_gamma_2.0", "label_gamma_2.0_numeric", "dist_to_crash_2.0", "dist_to_boom_2.0", "min_dist_threshold_2.0", "label_gamma_2.5", "label_gamma_2.5_numeric", "dist_to_crash_2.5", "dist_to_boom_2.5", "min_dist_threshold_2.5", "label_gamma_3.0", "label_gamma_3.0_numeric", "dist_to_crash_3.0", "dist_to_boom_3.0", "min_dist_threshold_3.0", "target_log_rv_1d", "target_return_1d", "target_log_rv_5d", "target_return_5d", "is_holiday", "is_early_close", "early_close_minutes_local", "is_weekly", "is_monthly_third_friday", "is_quarterly_eoq", "is_opx", "event_days_to_opx", "vr_log_rv", "vr_log_bv", "vr_log_jv", "vr_rvol", "vr_bvol", "vr_jvol", "vr_jump_ratio", "vr_jump_flag", "vr_continuous_ratio", "vr_updown_ratio", "vr_skew", "vr_kurt", "vr_ewma_rv", "vr_ewma_log_rv", "vr_ewma_std", "vr_rv_ma5", "vr_rv_std5", "vr_rv_max5", "vr_rv_min5", "vr_rv_ma10", "vr_rv_std10", "vr_rv_max10", "vr_rv_min10", "vr_rv_ma20", "vr_rv_std20", "vr_rv_max20", "vr_rv_min20", "vr_rv_ma60", "vr_rv_std60", "vr_rv_max60", "vr_rv_min60", "vr_high_vol_regime", "vr_low_vol_regime", "vr_term_structure_5_20", "vr_term_structure_10_60", "iex_bid_price_mean", "iex_bid_size_sum", "iex_bid_size_mean", "iex_ask_price_mean", "iex_ask_size_sum", "iex_ask_size_mean", "iex_mid_price_mean", "iex_spread_abs_mean", "iex_spread_abs_std", "iex_spread_abs_q75", "iex_spread_rel_mean", "iex_spread_rel_std", "iex_spread_rel_q75", "iex_effective_spread_mean", "iex_effective_spread_std", "iex_effective_spread_q75", "iex_log_spread_mean", "iex_log_spread_std", "iex_log_spread_q75", "iex_total_depth_sum", "iex_total_depth_mean", "iex_depth_imbalance_mean", "iex_depth_imbalance_std", "iex_depth_imbalance_q75", "iex_log_bid_size_sum", "iex_log_bid_size_mean", "iex_log_ask_size_sum", "iex_log_ask_size_mean", "iex_depth_ratio_sum", "iex_depth_ratio_mean", "iex_bid_dollar_depth_sum", "iex_bid_dollar_depth_mean", "iex_ask_dollar_depth_sum", "iex_ask_dollar_depth_mean", "iex_mid_return_mean", "iex_mid_vol_30m_mean", "iex_mid_vol_30m_std", "iex_mid_vol_30m_q75", "iex_price_pressure_mean", "iex_spread_change_mean", "iex_spread_change_std", "iex_spread_change_q75", "iex_spread_ma_30m_mean", "iex_spread_ma_30m_std", "iex_spread_ma_30m_q75", "iex_spread_vol_30m_mean", "iex_spread_vol_30m_std", "iex_spread_vol_30m_q75", "iex_imbalance_ma_30m_mean", "iex_imbalance_ma_30m_std", "iex_imbalance_ma_30m_q75", "iex_quote_intensity_30m_mean", "iex_spread_ma_60m_mean", "iex_spread_ma_60m_std", "iex_spread_ma_60m_q75", "iex_spread_vol_60m_mean", "iex_spread_vol_60m_std", "iex_spread_vol_60m_q75", "iex_imbalance_ma_60m_mean", "iex_imbalance_ma_60m_std", "iex_imbalance_ma_60m_q75", "iex_quote_intensity_60m_mean", "iex_spread_ma_120m_mean", "iex_spread_ma_120m_std", "iex_spread_ma_120m_q75", "iex_spread_vol_120m_mean", "iex_spread_vol_120m_std", "iex_spread_vol_120m_q75", "iex_imbalance_ma_120m_mean", "iex_imbalance_ma_120m_std", "iex_imbalance_ma_120m_q75", "iex_quote_intensity_120m_mean", "iex_spread_last_hour", "iex_spread_close", "iex_max_imbalance", "iex_noise_proxy", "iex_pre_data_flag", "path_last_30min_return", "path_last_30min_vol", "path_last_30min_range", "path_last_30min_vol_pct", "path_last_60min_return", "path_last_60min_vol", "path_last_60min_range", "path_last_60min_vol_pct", "path_last_120min_return", "path_last_120min_vol", "path_last_120min_range", "path_last_120min_vol_pct", "path_high_time_pct", "path_low_time_pct", "path_path_efficiency", "path_direction_changes", "path_intraday_drawdown"]
[2025-10-04 06:03:16,866][src.vrisk.features.liquidity][INFO] - Generating liquidity features
[2025-10-04 06:03:16,912][src.vrisk.features.macro_time][INFO] - Generating macro and time features
[2025-10-04 06:03:16,920][src.vrisk.features.regime_memory][INFO] - Generating regime and memory features
[2025-10-04 06:03:16,924][__main__][ERROR] - Regime features failed: 'Expr' object has no attribute 'rolling_index'
[2025-10-04 06:03:16,924][src.vrisk.features.event_flags][INFO] - Generating event flag features
[2025-10-04 06:03:16,927][__main__][ERROR] - Event features failed: 'EventFlagFeatures' object has no attribute '_add_rebalancing_flags'
[2025-10-04 06:03:16,927][__main__][INFO] - Generated 181 total features
[2025-10-04 06:03:16,927][__main__][INFO] - Feature generation status: {'volatility': 'success', 'microstructure': 'success', 'path': 'failed: unable to find column "path_gap"; valid columns: ["session_date", "daily_return", "daily_return_sum", "daily_open", "daily_high", "daily_low", "daily_close", "daily_volume", "next_day_return", "next_day_return_sum", "RV_daily", "n_minutes", "trading_days_year", "BV_daily", "JV_daily", "daily_open_right", "daily_high_right", "daily_low_right", "daily_close_right", "parkinson_var", "garman_klass_var", "rogers_satchell_var", "daily_range", "overnight_gap", "RVol_daily", "BVol_daily", "JVol_daily", "RVol_annual", "log_RV_daily", "jump_ratio", "realized_skew", "realized_kurt", "downside_var", "upside_var", "variance_ratio", "z_score_next", "volatility_for_z", "z_score_next_clipped", "label_gamma_1.5", "label_gamma_1.5_numeric", "dist_to_crash_1.5", "dist_to_boom_1.5", "min_dist_threshold_1.5", "label_gamma_2.0", "label_gamma_2.0_numeric", "dist_to_crash_2.0", "dist_to_boom_2.0", "min_dist_threshold_2.0", "label_gamma_2.5", "label_gamma_2.5_numeric", "dist_to_crash_2.5", "dist_to_boom_2.5", "min_dist_threshold_2.5", "label_gamma_3.0", "label_gamma_3.0_numeric", "dist_to_crash_3.0", "dist_to_boom_3.0", "min_dist_threshold_3.0", "target_log_rv_1d", "target_return_1d", "target_log_rv_5d", "target_return_5d", "is_holiday", "is_early_close", "early_close_minutes_local", "is_weekly", "is_monthly_third_friday", "is_quarterly_eoq", "is_opx", "event_days_to_opx", "vr_log_rv", "vr_log_bv", "vr_log_jv", "vr_rvol", "vr_bvol", "vr_jvol", "vr_jump_ratio", "vr_jump_flag", "vr_continuous_ratio", "vr_updown_ratio", "vr_skew", "vr_kurt", "vr_ewma_rv", "vr_ewma_log_rv", "vr_ewma_std", "vr_rv_ma5", "vr_rv_std5", "vr_rv_max5", "vr_rv_min5", "vr_rv_ma10", "vr_rv_std10", "vr_rv_max10", "vr_rv_min10", "vr_rv_ma20", "vr_rv_std20", "vr_rv_max20", "vr_rv_min20", "vr_rv_ma60", "vr_rv_std60", "vr_rv_max60", "vr_rv_min60", "vr_high_vol_regime", "vr_low_vol_regime", "vr_term_structure_5_20", "vr_term_structure_10_60", "iex_bid_price_mean", "iex_bid_size_sum", "iex_bid_size_mean", "iex_ask_price_mean", "iex_ask_size_sum", "iex_ask_size_mean", "iex_mid_price_mean", "iex_spread_abs_mean", "iex_spread_abs_std", "iex_spread_abs_q75", "iex_spread_rel_mean", "iex_spread_rel_std", "iex_spread_rel_q75", "iex_effective_spread_mean", "iex_effective_spread_std", "iex_effective_spread_q75", "iex_log_spread_mean", "iex_log_spread_std", "iex_log_spread_q75", "iex_total_depth_sum", "iex_total_depth_mean", "iex_depth_imbalance_mean", "iex_depth_imbalance_std", "iex_depth_imbalance_q75", "iex_log_bid_size_sum", "iex_log_bid_size_mean", "iex_log_ask_size_sum", "iex_log_ask_size_mean", "iex_depth_ratio_sum", "iex_depth_ratio_mean", "iex_bid_dollar_depth_sum", "iex_bid_dollar_depth_mean", "iex_ask_dollar_depth_sum", "iex_ask_dollar_depth_mean", "iex_mid_return_mean", "iex_mid_vol_30m_mean", "iex_mid_vol_30m_std", "iex_mid_vol_30m_q75", "iex_price_pressure_mean", "iex_spread_change_mean", "iex_spread_change_std", "iex_spread_change_q75", "iex_spread_ma_30m_mean", "iex_spread_ma_30m_std", "iex_spread_ma_30m_q75", "iex_spread_vol_30m_mean", "iex_spread_vol_30m_std", "iex_spread_vol_30m_q75", "iex_imbalance_ma_30m_mean", "iex_imbalance_ma_30m_std", "iex_imbalance_ma_30m_q75", "iex_quote_intensity_30m_mean", "iex_spread_ma_60m_mean", "iex_spread_ma_60m_std", "iex_spread_ma_60m_q75", "iex_spread_vol_60m_mean", "iex_spread_vol_60m_std", "iex_spread_vol_60m_q75", "iex_imbalance_ma_60m_mean", "iex_imbalance_ma_60m_std", "iex_imbalance_ma_60m_q75", "iex_quote_intensity_60m_mean", "iex_spread_ma_120m_mean", "iex_spread_ma_120m_std", "iex_spread_ma_120m_q75", "iex_spread_vol_120m_mean", "iex_spread_vol_120m_std", "iex_spread_vol_120m_q75", "iex_imbalance_ma_120m_mean", "iex_imbalance_ma_120m_std", "iex_imbalance_ma_120m_q75", "iex_quote_intensity_120m_mean", "iex_spread_last_hour", "iex_spread_close", "iex_max_imbalance", "iex_noise_proxy", "iex_pre_data_flag", "path_last_30min_return", "path_last_30min_vol", "path_last_30min_range", "path_last_30min_vol_pct", "path_last_60min_return", "path_last_60min_vol", "path_last_60min_range", "path_last_60min_vol_pct", "path_last_120min_return", "path_last_120min_vol", "path_last_120min_range", "path_last_120min_vol_pct", "path_high_time_pct", "path_low_time_pct", "path_path_efficiency", "path_direction_changes", "path_intraday_drawdown"]', 'liquidity': 'success', 'macro_time': 'success', 'regime': "failed: 'Expr' object has no attribute 'rolling_index'", 'events': "failed: 'EventFlagFeatures' object has no attribute '_add_rebalancing_flags'"}
[2025-10-04 06:03:16,928][__main__][INFO] - ============================================================
[2025-10-04 06:03:16,928][__main__][INFO] - STEP 4: Preparing data for all prediction heads
[2025-10-04 06:03:16,939][__main__][INFO] - Prepared data shapes:
[2025-10-04 06:03:16,939][__main__][INFO] -   X: (99, 181)
[2025-10-04 06:03:16,939][__main__][INFO] -   Classification: (99,)
[2025-10-04 06:03:16,939][__main__][INFO] -   Volatility: (99,)
[2025-10-04 06:03:16,939][__main__][INFO] -   Returns: (99,)
[2025-10-04 06:03:16,941][__main__][INFO] - ============================================================
[2025-10-04 06:03:16,941][__main__][INFO] - STEP 5: Training all model components
[2025-10-04 06:03:16,943][__main__][INFO] - Training classification ensemble...
[2025-10-04 06:03:16,944][src.vrisk.ensembles.stacking_meta_cls][INFO] - Training stacking ensemble
[2025-10-04 06:03:16,944][src.vrisk.ensembles.stacking_meta_cls][INFO] - Generating out-of-fold predictions
[2025-10-04 06:03:16,944][src.vrisk.ensembles.stacking_meta_cls][INFO] - Generating OOF for lightgbm
[2025-10-04 06:03:16,945][__main__][ERROR] - Training failed: Not enough data. Need 771 days, have 0
Traceback (most recent call last):
  File "C:\Users\shyto\Downloads\Closing-Auction Variance Measures\ML_MP\MODELS\v3\scripts\train_complete.py", line 122, in run
    models = self._train_all_models(X, y_cls, y_vol, y_ret, dates)
             ^^^^^^^^^^^^^^^^^^^^^^^^^^^^^^^^^^^^^^^^^^^^^^^^^^^^^
  File "C:\Users\shyto\Downloads\Closing-Auction Variance Measures\ML_MP\MODELS\v3\scripts\train_complete.py", line 551, in _train_all_models
    classification_ensemble.fit(X_train, y_cls_train, dates=dates_train)
  File "C:\Users\shyto\Downloads\Closing-Auction Variance Measures\ML_MP\MODELS\v3\src\vrisk\ensembles\stacking_meta_cls.py", line 78, in fit
    self.oof_predictions_ = self._generate_oof_predictions(
                            ^^^^^^^^^^^^^^^^^^^^^^^^^^^^^^^
  File "C:\Users\shyto\Downloads\Closing-Auction Variance Measures\ML_MP\MODELS\v3\src\vrisk\ensembles\stacking_meta_cls.py", line 190, in _generate_oof_predictions
    splits = self.cv_splitter.split(dates)
             ^^^^^^^^^^^^^^^^^^^^^^^^^^^^^
  File "C:\Users\shyto\Downloads\Closing-Auction Variance Measures\ML_MP\MODELS\v3\src\vrisk\training\cv_splitter.py", line 75, in split
    raise ValueError(f"Not enough data. Need {required_days} days, have {n_dates}")
ValueError: Not enough data. Need 771 days, have 0
